# JRE version: OpenJDK Runtime Environment Microsoft-8035246 (17.0.8+7) (build 17.0.8+7-LTS)
# Java VM: OpenJDK 64-Bit Server VM Microsoft-8035246 (17.0.8+7-LTS, mixed mode, sharing, tiered, compressed oops, compressed class ptrs, g1 gc, windows-amd64)
GC Precious Log:
 CPUs: 8 total, 8 available
 Memory: 8035M
 Large Page Support: Disabled
 NUMA Support: Disabled
 Compressed Oops: Enabled (32-bit)
 Heap Region Size: 1M
 Heap Min Capacity: 8M
 Heap Initial Capacity: 126M
 Heap Max Capacity: 2G
 Pre-touch: Disabled
 Parallel Workers: 8
 Concurrent Workers: 2
 Concurrent Refinement Workers: 8
 Periodic GC: Disabled
Heap:
 garbage-first heap   total 205824K, used 163128K [0x0000000080000000, 0x0000000100000000)
  region size 1024K, 13 young (13312K), 2 survivors (2048K)
 Metaspace       used 97748K, committed 98624K, reserved 557056K
  class space    used 13721K, committed 14144K, reserved 425984K
GC Heap History (20 events):
Event: 62.244 GC heap before
{Heap before GC invocations=58 (full 0):
 garbage-first heap   total 171008K, used 144055K [0x0000000080000000, 0x0000000100000000)
  region size 1024K, 15 young (15360K), 2 survivors (2048K)
 Metaspace       used 89228K, committed 90048K, reserved 557056K
  class space    used 12562K, committed 12928K, reserved 425984K
}
Event: 62.251 GC heap after
{Heap after GC invocations=59 (full 0):
 garbage-first heap   total 171008K, used 131762K [0x0000000080000000, 0x0000000100000000)
  region size 1024K, 1 young (1024K), 1 survivors (1024K)
 Metaspace       used 89228K, committed 90048K, reserved 557056K
  class space    used 12562K, committed 12928K, reserved 425984K
}
Event: 62.509 GC heap before
{Heap before GC invocations=59 (full 0):
 garbage-first heap   total 171008K, used 144050K [0x0000000080000000, 0x0000000100000000)
  region size 1024K, 14 young (14336K), 1 survivors (1024K)
 Metaspace       used 90445K, committed 91328K, reserved 557056K
  class space    used 12744K, committed 13120K, reserved 425984K
}
Event: 62.513 GC heap after
{Heap after GC invocations=60 (full 0):
 garbage-first heap   total 205824K, used 132007K [0x0000000080000000, 0x0000000100000000)
  region size 1024K, 2 young (2048K), 2 survivors (2048K)
 Metaspace       used 90445K, committed 91328K, reserved 557056K
  class space    used 12744K, committed 13120K, reserved 425984K
}
Event: 63.664 GC heap before
{Heap before GC invocations=60 (full 0):
 garbage-first heap   total 205824K, used 167847K [0x0000000080000000, 0x0000000100000000)
  region size 1024K, 37 young (37888K), 2 survivors (2048K)
 Metaspace       used 93704K, committed 94656K, reserved 557056K
  class space    used 13188K, committed 13632K, reserved 425984K
}
Event: 63.671 GC heap after
{Heap after GC invocations=61 (full 0):
 garbage-first heap   total 205824K, used 134570K [0x0000000080000000, 0x0000000100000000)
  region size 1024K, 4 young (4096K), 4 survivors (4096K)
 Metaspace       used 93704K, committed 94656K, reserved 557056K
  class space    used 13188K, committed 13632K, reserved 425984K
}
Event: 64.629 GC heap before
{Heap before GC invocations=61 (full 0):
 garbage-first heap   total 205824K, used 170410K [0x0000000080000000, 0x0000000100000000)
  region size 1024K, 39 young (39936K), 4 survivors (4096K)
 Metaspace       used 95320K, committed 96256K, reserved 557056K
  class space    used 13392K, committed 13824K, reserved 425984K
}
Event: 64.638 GC heap after
{Heap after GC invocations=62 (full 0):
 garbage-first heap   total 205824K, used 137457K [0x0000000080000000, 0x0000000100000000)
  region size 1024K, 4 young (4096K), 4 survivors (4096K)
 Metaspace       used 95320K, committed 96256K, reserved 557056K
  class space    used 13392K, committed 13824K, reserved 425984K
}
Event: 65.409 GC heap before
{Heap before GC invocations=62 (full 0):
 garbage-first heap   total 205824K, used 170225K [0x0000000080000000, 0x0000000100000000)
  region size 1024K, 36 young (36864K), 4 survivors (4096K)
 Metaspace       used 95961K, committed 96896K, reserved 557056K
  class space    used 13457K, committed 13888K, reserved 425984K
}
Event: 65.418 GC heap after
{Heap after GC invocations=63 (full 0):
 garbage-first heap   total 205824K, used 140837K [0x0000000080000000, 0x0000000100000000)
  region size 1024K, 4 young (4096K), 4 survivors (4096K)
 Metaspace       used 95961K, committed 96896K, reserved 557056K
  class space    used 13457K, committed 13888K, reserved 425984K
}
Event: 66.116 GC heap before
{Heap before GC invocations=63 (full 0):
 garbage-first heap   total 205824K, used 171557K [0x0000000080000000, 0x0000000100000000)
  region size 1024K, 34 young (34816K), 4 survivors (4096K)
 Metaspace       used 96463K, committed 97344K, reserved 557056K
  class space    used 13510K, committed 13952K, reserved 425984K
}
Event: 66.125 GC heap after
{Heap after GC invocations=64 (full 0):
 garbage-first heap   total 205824K, used 144555K [0x0000000080000000, 0x0000000100000000)
  region size 1024K, 4 young (4096K), 4 survivors (4096K)
 Metaspace       used 96463K, committed 97344K, reserved 557056K
  class space    used 13510K, committed 13952K, reserved 425984K
}
Event: 66.919 GC heap before
{Heap before GC invocations=64 (full 0):
 garbage-first heap   total 205824K, used 172203K [0x0000000080000000, 0x0000000100000000)
  region size 1024K, 32 young (32768K), 4 survivors (4096K)
 Metaspace       used 97209K, committed 98176K, reserved 557056K
  class space    used 13665K, committed 14144K, reserved 425984K
}
Event: 66.927 GC heap after
{Heap after GC invocations=65 (full 0):
 garbage-first heap   total 205824K, used 146331K [0x0000000080000000, 0x0000000100000000)
  region size 1024K, 2 young (2048K), 2 survivors (2048K)
 Metaspace       used 97209K, committed 98176K, reserved 557056K
  class space    used 13665K, committed 14144K, reserved 425984K
}
Event: 68.070 GC heap before
{Heap before GC invocations=65 (full 0):
 garbage-first heap   total 205824K, used 172955K [0x0000000080000000, 0x0000000100000000)
  region size 1024K, 29 young (29696K), 2 survivors (2048K)
 Metaspace       used 97616K, committed 98560K, reserved 557056K
  class space    used 13720K, committed 14144K, reserved 425984K
}
Event: 68.081 GC heap after
{Heap after GC invocations=66 (full 0):
 garbage-first heap   total 205824K, used 147708K [0x0000000080000000, 0x0000000100000000)
  region size 1024K, 4 young (4096K), 4 survivors (4096K)
 Metaspace       used 97616K, committed 98560K, reserved 557056K
  class space    used 13720K, committed 14144K, reserved 425984K
}
Event: 68.573 GC heap before
{Heap before GC invocations=66 (full 0):
 garbage-first heap   total 205824K, used 173308K [0x0000000080000000, 0x0000000100000000)
  region size 1024K, 30 young (30720K), 4 survivors (4096K)
 Metaspace       used 97735K, committed 98624K, reserved 557056K
  class space    used 13721K, committed 14144K, reserved 425984K
}
Event: 68.580 GC heap after
{Heap after GC invocations=67 (full 0):
 garbage-first heap   total 205824K, used 150839K [0x0000000080000000, 0x0000000100000000)
  region size 1024K, 4 young (4096K), 4 survivors (4096K)
 Metaspace       used 97735K, committed 98624K, reserved 557056K
  class space    used 13721K, committed 14144K, reserved 425984K
}
Event: 69.112 GC heap before
{Heap before GC invocations=67 (full 0):
 garbage-first heap   total 205824K, used 174391K [0x0000000080000000, 0x0000000100000000)
  region size 1024K, 28 young (28672K), 4 survivors (4096K)
 Metaspace       used 97747K, committed 98624K, reserved 557056K
  class space    used 13721K, committed 14144K, reserved 425984K
}
Event: 69.118 GC heap after
{Heap after GC invocations=68 (full 0):
 garbage-first heap   total 205824K, used 152888K [0x0000000080000000, 0x0000000100000000)
  region size 1024K, 2 young (2048K), 2 survivors (2048K)
 Metaspace       used 97747K, committed 98624K, reserved 557056K
  class space    used 13721K, committed 14144K, reserved 425984K
}

